<?xml version="1.0" encoding="UTF-8"?>
<coverage generated="1716008650462" clover="3.2.0">
  <project timestamp="1716008650462" name="All files">
    <metrics statements="9" coveredstatements="7" conditionals="0" coveredconditionals="0" methods="3" coveredmethods="2" elements="12" coveredelements="9" complexity="0" loc="9" ncloc="9" packages="1" files="1" classes="1"/>
    <file name="Login.js" path="/Users/aleikachery/Documents/CSC456/HW1/SkillNet/client/src/Pages/Signin/Login.js">
      <metrics statements="9" coveredstatements="7" conditionals="0" coveredconditionals="0" methods="3" coveredmethods="2"/>
      <line num="4" count="1" type="stmt"/>
      <line num="5" count="2" type="stmt"/>
      <line num="10" count="2" type="stmt"/>
      <line num="11" count="0" type="stmt"/>
      <line num="12" count="0" type="stmt"/>
      <line num="18" count="2" type="stmt"/>
      <line num="19" count="1" type="stmt"/>
      <line num="21" count="1" type="stmt"/>
      <line num="24" count="2" type="stmt"/>
    </file>
  </project>
</coverage>
