{"/Users/aleikachery/Documents/CSC456/HW1/SkillNet/client/src/Pages/Signin/Login.js": {"path":"/Users/aleikachery/Documents/CSC456/HW1/SkillNet/client/src/Pages/Signin/Login.js","statementMap":{"0":{"start":{"line":4,"column":14},"end":{"line":48,"column":1}},"1":{"start":{"line":5,"column":34},"end":{"line":8,"column":4}},"2":{"start":{"line":10,"column":23},"end":{"line":16,"column":3}},"3":{"start":{"line":11,"column":28},"end":{"line":11,"column":36}},"4":{"start":{"line":12,"column":4},"end":{"line":15,"column":7}},"5":{"start":{"line":18,"column":23},"end":{"line":22,"column":3}},"6":{"start":{"line":19,"column":4},"end":{"line":19,"column":23}},"7":{"start":{"line":21,"column":4},"end":{"line":21,"column":26}},"8":{"start":{"line":24,"column":2},"end":{"line":47,"column":4}}},"fnMap":{"0":{"name":"(anonymous_0)","decl":{"start":{"line":4,"column":14},"end":{"line":4,"column":15}},"loc":{"start":{"line":4,"column":20},"end":{"line":48,"column":1}},"line":4},"1":{"name":"(anonymous_1)","decl":{"start":{"line":10,"column":23},"end":{"line":10,"column":24}},"loc":{"start":{"line":10,"column":30},"end":{"line":16,"column":3}},"line":10},"2":{"name":"(anonymous_2)","decl":{"start":{"line":18,"column":23},"end":{"line":18,"column":24}},"loc":{"start":{"line":18,"column":30},"end":{"line":22,"column":3}},"line":18}},"branchMap":{},"s":{"0":1,"1":2,"2":2,"3":0,"4":0,"5":2,"6":1,"7":1,"8":2},"f":{"0":2,"1":0,"2":1},"b":{},"_coverageSchema":"1a1c01bbd47fc00a2c39e90264f33305004495a9","hash":"af778b70c506e597e00c92dedec41d3e5af52864"}
}
